Autoloading mvapich2/2.3.3/gcc-9.3.0

Loading proteus/1.8.1/gcc-9.3.0-mvapich2-2.3.3
  Loading requirement: gcc/9.3.0 mvapich2/2.3.3/gcc-9.3.0
Traceback (most recent call last):
Traceback (most recent call last):
  File "/project/cekees/cekees/proteus/1.8.1/bin/parun", line 372, in <module>
Traceback (most recent call last):
  File "/project/cekees/cekees/proteus/1.8.1/bin/parun", line 372, in <module>
Traceback (most recent call last):
  File "/project/cekees/cekees/proteus/1.8.1/bin/parun", line 372, in <module>
Traceback (most recent call last):
  File "/project/cekees/cekees/proteus/1.8.1/bin/parun", line 372, in <module>
Traceback (most recent call last):
  File "/project/cekees/cekees/proteus/1.8.1/bin/parun", line 372, in <module>
Traceback (most recent call last):
  File "/project/cekees/cekees/proteus/1.8.1/bin/parun", line 372, in <module>
Traceback (most recent call last):
  File "/project/cekees/cekees/proteus/1.8.1/bin/parun", line 372, in <module>
Traceback (most recent call last):
  File "/project/cekees/cekees/proteus/1.8.1/bin/parun", line 372, in <module>
Traceback (most recent call last):
  File "/project/cekees/cekees/proteus/1.8.1/bin/parun", line 372, in <module>
Traceback (most recent call last):
  File "/project/cekees/cekees/proteus/1.8.1/bin/parun", line 372, in <module>
Traceback (most recent call last):
  File "/project/cekees/cekees/proteus/1.8.1/bin/parun", line 372, in <module>
Traceback (most recent call last):
  File "/project/cekees/cekees/proteus/1.8.1/bin/parun", line 372, in <module>
Traceback (most recent call last):
  File "/project/cekees/cekees/proteus/1.8.1/bin/parun", line 372, in <module>
Traceback (most recent call last):
  File "/project/cekees/cekees/proteus/1.8.1/bin/parun", line 372, in <module>
Traceback (most recent call last):
  File "/project/cekees/cekees/proteus/1.8.1/bin/parun", line 372, in <module>
Traceback (most recent call last):
  File "/project/cekees/cekees/proteus/1.8.1/bin/parun", line 372, in <module>
Traceback (most recent call last):
  File "/project/cekees/cekees/proteus/1.8.1/bin/parun", line 372, in <module>
Traceback (most recent call last):
  File "/project/cekees/cekees/proteus/1.8.1/bin/parun", line 372, in <module>
Traceback (most recent call last):
  File "/project/cekees/cekees/proteus/1.8.1/bin/parun", line 372, in <module>
Traceback (most recent call last):
  File "/project/cekees/cekees/proteus/1.8.1/bin/parun", line 372, in <module>
Traceback (most recent call last):
  File "/project/cekees/cekees/proteus/1.8.1/bin/parun", line 372, in <module>
Traceback (most recent call last):
  File "/project/cekees/cekees/proteus/1.8.1/bin/parun", line 372, in <module>
Traceback (most recent call last):
  File "/project/cekees/cekees/proteus/1.8.1/bin/parun", line 372, in <module>
Traceback (most recent call last):
  File "/project/cekees/cekees/proteus/1.8.1/bin/parun", line 372, in <module>
Traceback (most recent call last):
  File "/project/cekees/cekees/proteus/1.8.1/bin/parun", line 372, in <module>
Traceback (most recent call last):
  File "/project/cekees/cekees/proteus/1.8.1/bin/parun", line 372, in <module>
Traceback (most recent call last):
  File "/project/cekees/cekees/proteus/1.8.1/bin/parun", line 372, in <module>
Traceback (most recent call last):
  File "/project/cekees/cekees/proteus/1.8.1/bin/parun", line 372, in <module>
Traceback (most recent call last):
  File "/project/cekees/cekees/proteus/1.8.1/bin/parun", line 372, in <module>
Traceback (most recent call last):
  File "/project/cekees/cekees/proteus/1.8.1/bin/parun", line 372, in <module>
Traceback (most recent call last):
  File "/project/cekees/cekees/proteus/1.8.1/bin/parun", line 372, in <module>
Traceback (most recent call last):
  File "/project/cekees/cekees/proteus/1.8.1/bin/parun", line 372, in <module>
Traceback (most recent call last):
  File "/project/cekees/cekees/proteus/1.8.1/bin/parun", line 372, in <module>
Traceback (most recent call last):
  File "/project/cekees/cekees/proteus/1.8.1/bin/parun", line 372, in <module>
Traceback (most recent call last):
  File "/project/cekees/cekees/proteus/1.8.1/bin/parun", line 372, in <module>
Traceback (most recent call last):
  File "/project/cekees/cekees/proteus/1.8.1/bin/parun", line 372, in <module>
Traceback (most recent call last):
  File "/project/cekees/cekees/proteus/1.8.1/bin/parun", line 372, in <module>
Traceback (most recent call last):
  File "/project/cekees/cekees/proteus/1.8.1/bin/parun", line 372, in <module>
Traceback (most recent call last):
  File "/project/cekees/cekees/proteus/1.8.1/bin/parun", line 372, in <module>
Traceback (most recent call last):
  File "/project/cekees/cekees/proteus/1.8.1/bin/parun", line 372, in <module>
Traceback (most recent call last):
  File "/project/cekees/cekees/proteus/1.8.1/bin/parun", line 372, in <module>
Traceback (most recent call last):
  File "/project/cekees/cekees/proteus/1.8.1/bin/parun", line 372, in <module>
Traceback (most recent call last):
  File "/project/cekees/cekees/proteus/1.8.1/bin/parun", line 372, in <module>
Traceback (most recent call last):
  File "/project/cekees/cekees/proteus/1.8.1/bin/parun", line 372, in <module>
Traceback (most recent call last):
  File "/project/cekees/cekees/proteus/1.8.1/bin/parun", line 372, in <module>
Traceback (most recent call last):
  File "/project/cekees/cekees/proteus/1.8.1/bin/parun", line 372, in <module>
    case = __import__(name)
  File "/ddnA/work/whtsao/floating_body_H.253949/./floating_body_H.py", line 408, in <module>
    case = __import__(name)
  File "/ddnA/work/whtsao/floating_body_H.253949/./floating_body_H.py", line 408, in <module>
    case = __import__(name)
  File "/ddnA/work/whtsao/floating_body_H.253949/./floating_body_H.py", line 408, in <module>
    case = __import__(name)
  File "/ddnA/work/whtsao/floating_body_H.253949/./floating_body_H.py", line 408, in <module>
    case = __import__(name)
  File "/ddnA/work/whtsao/floating_body_H.253949/./floating_body_H.py", line 408, in <module>
    case = __import__(name)
  File "/ddnA/work/whtsao/floating_body_H.253949/./floating_body_H.py", line 408, in <module>
    case = __import__(name)
  File "/ddnA/work/whtsao/floating_body_H.253949/./floating_body_H.py", line 408, in <module>
    case = __import__(name)
  File "/ddnA/work/whtsao/floating_body_H.253949/./floating_body_H.py", line 408, in <module>
    case = __import__(name)
  File "/ddnA/work/whtsao/floating_body_H.253949/./floating_body_H.py", line 408, in <module>
    case = __import__(name)
  File "/ddnA/work/whtsao/floating_body_H.253949/./floating_body_H.py", line 408, in <module>
    case = __import__(name)
  File "/ddnA/work/whtsao/floating_body_H.253949/./floating_body_H.py", line 408, in <module>
    outputStepping = TpFlow.OutputStepping(
TypeError: OutputStepping.__init__() got an unexpected keyword argument 'final_time'
    outputStepping = TpFlow.OutputStepping(
TypeError: OutputStepping.__init__() got an unexpected keyword argument 'final_time'
    outputStepping = TpFlow.OutputStepping(
TypeError: OutputStepping.__init__() got an unexpected keyword argument 'final_time'
Traceback (most recent call last):
  File "/project/cekees/cekees/proteus/1.8.1/bin/parun", line 372, in <module>
    outputStepping = TpFlow.OutputStepping(
TypeError: OutputStepping.__init__() got an unexpected keyword argument 'final_time'
    outputStepping = TpFlow.OutputStepping(
TypeError: OutputStepping.__init__() got an unexpected keyword argument 'final_time'
    outputStepping = TpFlow.OutputStepping(
TypeError: OutputStepping.__init__() got an unexpected keyword argument 'final_time'
    outputStepping = TpFlow.OutputStepping(
    outputStepping = TpFlow.OutputStepping(
TypeError: OutputStepping.__init__() got an unexpected keyword argument 'final_time'
    outputStepping = TpFlow.OutputStepping(
TypeError: OutputStepping.__init__() got an unexpected keyword argument 'final_time'
TypeError: OutputStepping.__init__() got an unexpected keyword argument 'final_time'
    case = __import__(name)
  File "/ddnA/work/whtsao/floating_body_H.253949/./floating_body_H.py", line 408, in <module>
    outputStepping = TpFlow.OutputStepping(
TypeError: OutputStepping.__init__() got an unexpected keyword argument 'final_time'
    case = __import__(name)
  File "/ddnA/work/whtsao/floating_body_H.253949/./floating_body_H.py", line 408, in <module>
    outputStepping = TpFlow.OutputStepping(
TypeError: OutputStepping.__init__() got an unexpected keyword argument 'final_time'
    case = __import__(name)
  File "/ddnA/work/whtsao/floating_body_H.253949/./floating_body_H.py", line 408, in <module>
    outputStepping = TpFlow.OutputStepping(
TypeError: OutputStepping.__init__() got an unexpected keyword argument 'final_time'
    case = __import__(name)
  File "/ddnA/work/whtsao/floating_body_H.253949/./floating_body_H.py", line 408, in <module>
    case = __import__(name)
  File "/ddnA/work/whtsao/floating_body_H.253949/./floating_body_H.py", line 408, in <module>
    case = __import__(name)
  File "/ddnA/work/whtsao/floating_body_H.253949/./floating_body_H.py", line 408, in <module>
    case = __import__(name)
  File "/ddnA/work/whtsao/floating_body_H.253949/./floating_body_H.py", line 408, in <module>
    case = __import__(name)
  File "/ddnA/work/whtsao/floating_body_H.253949/./floating_body_H.py", line 408, in <module>
    case = __import__(name)
  File "/ddnA/work/whtsao/floating_body_H.253949/./floating_body_H.py", line 408, in <module>
    case = __import__(name)
  File "/ddnA/work/whtsao/floating_body_H.253949/./floating_body_H.py", line 408, in <module>
    case = __import__(name)
  File "/ddnA/work/whtsao/floating_body_H.253949/./floating_body_H.py", line 408, in <module>
    case = __import__(name)
  File "/ddnA/work/whtsao/floating_body_H.253949/./floating_body_H.py", line 408, in <module>
    outputStepping = TpFlow.OutputStepping(
TypeError: OutputStepping.__init__() got an unexpected keyword argument 'final_time'
    case = __import__(name)
  File "/ddnA/work/whtsao/floating_body_H.253949/./floating_body_H.py", line 408, in <module>
    case = __import__(name)
  File "/ddnA/work/whtsao/floating_body_H.253949/./floating_body_H.py", line 408, in <module>
    case = __import__(name)
  File "/ddnA/work/whtsao/floating_body_H.253949/./floating_body_H.py", line 408, in <module>
    case = __import__(name)
  File "/ddnA/work/whtsao/floating_body_H.253949/./floating_body_H.py", line 408, in <module>
    case = __import__(name)
  File "/ddnA/work/whtsao/floating_body_H.253949/./floating_body_H.py", line 408, in <module>
    case = __import__(name)
  File "/ddnA/work/whtsao/floating_body_H.253949/./floating_body_H.py", line 408, in <module>
    case = __import__(name)
  File "/ddnA/work/whtsao/floating_body_H.253949/./floating_body_H.py", line 408, in <module>
    case = __import__(name)
  File "/ddnA/work/whtsao/floating_body_H.253949/./floating_body_H.py", line 408, in <module>
    case = __import__(name)
  File "/ddnA/work/whtsao/floating_body_H.253949/./floating_body_H.py", line 408, in <module>
    outputStepping = TpFlow.OutputStepping(
TypeError: OutputStepping.__init__() got an unexpected keyword argument 'final_time'
    case = __import__(name)
  File "/ddnA/work/whtsao/floating_body_H.253949/./floating_body_H.py", line 408, in <module>
    case = __import__(name)
  File "/ddnA/work/whtsao/floating_body_H.253949/./floating_body_H.py", line 408, in <module>
    case = __import__(name)
  File "/ddnA/work/whtsao/floating_body_H.253949/./floating_body_H.py", line 408, in <module>
    case = __import__(name)
  File "/ddnA/work/whtsao/floating_body_H.253949/./floating_body_H.py", line 408, in <module>
    outputStepping = TpFlow.OutputStepping(
TypeError: OutputStepping.__init__() got an unexpected keyword argument 'final_time'
    outputStepping = TpFlow.OutputStepping(
TypeError: OutputStepping.__init__() got an unexpected keyword argument 'final_time'
    case = __import__(name)
  File "/ddnA/work/whtsao/floating_body_H.253949/./floating_body_H.py", line 408, in <module>
    outputStepping = TpFlow.OutputStepping(
TypeError: OutputStepping.__init__() got an unexpected keyword argument 'final_time'
    case = __import__(name)
  File "/ddnA/work/whtsao/floating_body_H.253949/./floating_body_H.py", line 408, in <module>
    case = __import__(name)
  File "/ddnA/work/whtsao/floating_body_H.253949/./floating_body_H.py", line 408, in <module>
    case = __import__(name)
  File "/ddnA/work/whtsao/floating_body_H.253949/./floating_body_H.py", line 408, in <module>
    case = __import__(name)
  File "/ddnA/work/whtsao/floating_body_H.253949/./floating_body_H.py", line 408, in <module>
    case = __import__(name)
  File "/ddnA/work/whtsao/floating_body_H.253949/./floating_body_H.py", line 408, in <module>
    case = __import__(name)
  File "/ddnA/work/whtsao/floating_body_H.253949/./floating_body_H.py", line 408, in <module>
    case = __import__(name)
  File "/ddnA/work/whtsao/floating_body_H.253949/./floating_body_H.py", line 408, in <module>
    case = __import__(name)
  File "/ddnA/work/whtsao/floating_body_H.253949/./floating_body_H.py", line 408, in <module>
    case = __import__(name)
  File "/ddnA/work/whtsao/floating_body_H.253949/./floating_body_H.py", line 408, in <module>
    outputStepping = TpFlow.OutputStepping(
TypeError: OutputStepping.__init__() got an unexpected keyword argument 'final_time'
    outputStepping = TpFlow.OutputStepping(
TypeError: OutputStepping.__init__() got an unexpected keyword argument 'final_time'
    outputStepping = TpFlow.OutputStepping(
TypeError: OutputStepping.__init__() got an unexpected keyword argument 'final_time'
    outputStepping = TpFlow.OutputStepping(
TypeError: OutputStepping.__init__() got an unexpected keyword argument 'final_time'
    outputStepping = TpFlow.OutputStepping(
TypeError: OutputStepping.__init__() got an unexpected keyword argument 'final_time'
    outputStepping = TpFlow.OutputStepping(
TypeError: OutputStepping.__init__() got an unexpected keyword argument 'final_time'
    outputStepping = TpFlow.OutputStepping(
TypeError: OutputStepping.__init__() got an unexpected keyword argument 'final_time'
    outputStepping = TpFlow.OutputStepping(
TypeError: OutputStepping.__init__() got an unexpected keyword argument 'final_time'
    outputStepping = TpFlow.OutputStepping(
TypeError: OutputStepping.__init__() got an unexpected keyword argument 'final_time'
    outputStepping = TpFlow.OutputStepping(
TypeError: OutputStepping.__init__() got an unexpected keyword argument 'final_time'
    outputStepping = TpFlow.OutputStepping(
TypeError: OutputStepping.__init__() got an unexpected keyword argument 'final_time'
    outputStepping = TpFlow.OutputStepping(
TypeError: OutputStepping.__init__() got an unexpected keyword argument 'final_time'
    outputStepping = TpFlow.OutputStepping(
TypeError: OutputStepping.__init__() got an unexpected keyword argument 'final_time'
    outputStepping = TpFlow.OutputStepping(
TypeError: OutputStepping.__init__() got an unexpected keyword argument 'final_time'
    outputStepping = TpFlow.OutputStepping(
TypeError: OutputStepping.__init__() got an unexpected keyword argument 'final_time'
    outputStepping = TpFlow.OutputStepping(
TypeError: OutputStepping.__init__() got an unexpected keyword argument 'final_time'
    outputStepping = TpFlow.OutputStepping(
TypeError: OutputStepping.__init__() got an unexpected keyword argument 'final_time'
    outputStepping = TpFlow.OutputStepping(
TypeError: OutputStepping.__init__() got an unexpected keyword argument 'final_time'
    case = __import__(name)
  File "/ddnA/work/whtsao/floating_body_H.253949/./floating_body_H.py", line 408, in <module>
    outputStepping = TpFlow.OutputStepping(
TypeError: OutputStepping.__init__() got an unexpected keyword argument 'final_time'
    outputStepping = TpFlow.OutputStepping(
TypeError: OutputStepping.__init__() got an unexpected keyword argument 'final_time'
    outputStepping = TpFlow.OutputStepping(
TypeError: OutputStepping.__init__() got an unexpected keyword argument 'final_time'
    outputStepping = TpFlow.OutputStepping(
TypeError: OutputStepping.__init__() got an unexpected keyword argument 'final_time'
    outputStepping = TpFlow.OutputStepping(
TypeError: OutputStepping.__init__() got an unexpected keyword argument 'final_time'
    outputStepping = TpFlow.OutputStepping(
TypeError: OutputStepping.__init__() got an unexpected keyword argument 'final_time'
    outputStepping = TpFlow.OutputStepping(
TypeError: OutputStepping.__init__() got an unexpected keyword argument 'final_time'
    outputStepping = TpFlow.OutputStepping(
TypeError: OutputStepping.__init__() got an unexpected keyword argument 'final_time'
    outputStepping = TpFlow.OutputStepping(
TypeError: OutputStepping.__init__() got an unexpected keyword argument 'final_time'
    outputStepping = TpFlow.OutputStepping(
TypeError: OutputStepping.__init__() got an unexpected keyword argument 'final_time'
    outputStepping = TpFlow.OutputStepping(
TypeError: OutputStepping.__init__() got an unexpected keyword argument 'final_time'
    outputStepping = TpFlow.OutputStepping(
TypeError: OutputStepping.__init__() got an unexpected keyword argument 'final_time'
  File "/project/cekees/cekees/proteus/1.8.1/bin/parun", line 372, in <module>
    case = __import__(name)
  File "/ddnA/work/whtsao/floating_body_H.253949/./floating_body_H.py", line 408, in <module>
    outputStepping = TpFlow.OutputStepping(
TypeError: OutputStepping.__init__() got an unexpected keyword argument 'final_time'
srun: error: qbc024: tasks 0-47: Exited with exit code 1
